<?xml version="1.0" encoding="UTF-8"?>
<!-- Generated by org.testng.reporters.JUnitXMLReporter -->
<testsuite hostname="DESKTOP-D2KIIH1" ignored="2" name="RegressionTest(failed)" tests="3" failures="2" timestamp="2022-02-22T20:20:27 CST" time="23.995" errors="0">
  <testcase name="Check_RemeberMe_3" time="8.758" classname="com.salesforce.tests.LoginTest"/>
  <testcase name="Forgot_Password_4B" time="4.241" classname="com.salesforce.tests.LoginTest">
    <failure type="java.lang.IllegalArgumentException" message="Keys to send should be a not null CharSequence">
      <![CDATA[java.lang.IllegalArgumentException: Keys to send should be a not null CharSequence
at org.openqa.selenium.remote.RemoteWebElement.sendKeys(RemoteWebElement.java:97)
at org.openqa.selenium.support.pagefactory.internal.LocatingElementHandler.invoke(LocatingElementHandler.java:51)
at com.sun.proxy.$Proxy11.sendKeys(Unknown Source)
at com.salesforce.basepage.BasePage.enterText(BasePage.java:76)
at com.salesforce.pages.sfdclogin.LoginPage.EnterIntoWrongPassword(LoginPage.java:120)
at com.salesforce.tests.LoginTest.Forgot_Password_4B(LoginTest.java:91)
at java.util.ArrayList.forEach(ArrayList.java:1259)
... Removed 31 stack frames]]>
    </failure>
  </testcase> <!-- Forgot_Password_4B -->
  <testcase name="Forgot_Password_4A" time="4.337" classname="com.salesforce.tests.LoginTest">
    <failure type="java.lang.IllegalArgumentException" message="Keys to send should be a not null CharSequence">
      <![CDATA[java.lang.IllegalArgumentException: Keys to send should be a not null CharSequence
at org.openqa.selenium.remote.RemoteWebElement.sendKeys(RemoteWebElement.java:97)
at org.openqa.selenium.support.pagefactory.internal.LocatingElementHandler.invoke(LocatingElementHandler.java:51)
at com.sun.proxy.$Proxy11.sendKeys(Unknown Source)
at com.salesforce.basepage.BasePage.enterText(BasePage.java:76)
at com.salesforce.pages.sfdclogin.LoginPage.UserNameField(LoginPage.java:105)
at com.salesforce.tests.LoginTest.Forgot_Password_4A(LoginTest.java:79)
at java.util.ArrayList.forEach(ArrayList.java:1259)
... Removed 31 stack frames]]>
    </failure>
  </testcase> <!-- Forgot_Password_4A -->
  <testcase name="LoginToSalesForce2" time="0.0" classname="com.salesforce.tests.LoginTest">
    <ignored/>
  </testcase> <!-- LoginToSalesForce2 -->
  <testcase name="LoginErrorMessage1" time="0.0" classname="com.salesforce.tests.LoginTest">
    <ignored/>
  </testcase> <!-- LoginErrorMessage1 -->
</testsuite> <!-- RegressionTest(failed) -->
