<!DOCTYPE html>

<html>
  <head>
  <meta charset='utf-8'>
  <title>TestNG reports</title>

    <link type="text/css" href="testng-reports1.css" rel="stylesheet" id="ultra" />
    <link type="text/css" href="testng-reports.css" rel="stylesheet" id="retro" disabled="false"/>
    <script type="text/javascript" src="jquery.min.js"></script>
    <script type="text/javascript" src="testng-reports.js"></script>
    <script type="text/javascript" src="https://www.google.com/jsapi"></script>
    <script type='text/javascript'>
      google.load('visualization', '1', {packages:['table']});
      google.setOnLoadCallback(drawTable);
      var suiteTableInitFunctions = new Array();
      var suiteTableData = new Array();
    </script>
    <!--
      <script type="text/javascript" src="jquery-ui/js/jquery-ui-1.8.16.custom.min.js"></script>
     -->
  </head>

  <body>
    <div class="top-banner-root">
      <span class="top-banner-title-font">Test results</span>
      <button class="button" id="button">Switch Retro Theme</button> <!-- button -->
      <br/>
      <span class="top-banner-font-1">1 suite, 3 failed tests</span>
    </div> <!-- top-banner-root -->
    <div class="navigator-root">
      <div class="navigator-suite-header">
        <span>All suites</span>
        <a href="#" class="collapse-all-link" title="Collapse/expand all the suites">
          <img class="collapse-all-icon" src="collapseall.gif">
          </img> <!-- collapse-all-icon -->
        </a> <!-- collapse-all-link -->
      </div> <!-- navigator-suite-header -->
      <div class="suite">
        <div class="rounded-window">
          <div class="suite-header light-rounded-window-top">
            <a href="#" class="navigator-link" panel-name="suite-SalesforceAutomation">
              <span class="suite-name border-failed">SalesforceAutomation</span>
            </a> <!-- navigator-link -->
          </div> <!-- suite-header light-rounded-window-top -->
          <div class="navigator-suite-content">
            <div class="suite-section-title">
              <span>Info</span>
            </div> <!-- suite-section-title -->
            <div class="suite-section-content">
              <ul>
                <li>
                  <a href="#" class="navigator-link " panel-name="test-xml-SalesforceAutomation">
                    <span>C:\Users\pradeep\eclipse-workspace\SalesforceAutomation_POM\TestNG.xml</span>
                  </a> <!-- navigator-link  -->
                </li>
                <li>
                  <a href="#" class="navigator-link " panel-name="testlist-SalesforceAutomation">
                    <span class="test-stats">1 test</span>
                  </a> <!-- navigator-link  -->
                </li>
                <li>
                  <a href="#" class="navigator-link " panel-name="group-SalesforceAutomation">
                    <span>0 groups</span>
                  </a> <!-- navigator-link  -->
                </li>
                <li>
                  <a href="#" class="navigator-link " panel-name="times-SalesforceAutomation">
                    <span>Times</span>
                  </a> <!-- navigator-link  -->
                </li>
                <li>
                  <a href="#" class="navigator-link " panel-name="reporter-SalesforceAutomation">
                    <span>Reporter output</span>
                  </a> <!-- navigator-link  -->
                </li>
                <li>
                  <a href="#" class="navigator-link " panel-name="ignored-methods-SalesforceAutomation">
                    <span>Ignored methods</span>
                  </a> <!-- navigator-link  -->
                </li>
                <li>
                  <a href="#" class="navigator-link " panel-name="chronological-SalesforceAutomation">
                    <span>Chronological view</span>
                  </a> <!-- navigator-link  -->
                </li>
              </ul>
            </div> <!-- suite-section-content -->
            <div class="result-section">
              <div class="suite-section-title">
                <span>Results</span>
              </div> <!-- suite-section-title -->
              <div class="suite-section-content">
                <ul>
                  <li>
                    <span class="method-stats">5 methods, 3 failed,   2 passed</span>
                  </li>
                  <li>
                    <span class="method-list-title failed">Failed methods</span>
                    <span class="show-or-hide-methods failed">
                      <a href="#" panel-name="suite-SalesforceAutomation" class="hide-methods failed suite-SalesforceAutomation"> (hide)</a> <!-- hide-methods failed suite-SalesforceAutomation -->
                      <a href="#" panel-name="suite-SalesforceAutomation" class="show-methods failed suite-SalesforceAutomation"> (show)</a> <!-- show-methods failed suite-SalesforceAutomation -->
                    </span>
                    <div class="method-list-content failed suite-SalesforceAutomation">
                      <span>
                        <img width="3%" src="failed.png"/>
                        <a href="#" class="method navigator-link" panel-name="suite-SalesforceAutomation" title="com.salesforce.tests.AccountTest" hash-for-method="MergeAccount">MergeAccount</a> <!-- method navigator-link -->
                      </span>
                      <br/>
                      <span>
                        <img width="3%" src="failed.png"/>
                        <a href="#" class="method navigator-link" panel-name="suite-SalesforceAutomation" title="com.salesforce.tests.AccountTest" hash-for-method="SelectAccount">SelectAccount</a> <!-- method navigator-link -->
                      </span>
                      <br/>
                      <span>
                        <img width="3%" src="failed.png"/>
                        <a href="#" class="method navigator-link" panel-name="suite-SalesforceAutomation" title="com.salesforce.tests.AccountTest" hash-for-method="Selectnewview">Selectnewview</a> <!-- method navigator-link -->
                      </span>
                      <br/>
                    </div> <!-- method-list-content failed suite-SalesforceAutomation -->
                  </li>
                  <li>
                    <span class="method-list-title passed">Passed methods</span>
                    <span class="show-or-hide-methods passed">
                      <a href="#" panel-name="suite-SalesforceAutomation" class="hide-methods passed suite-SalesforceAutomation"> (hide)</a> <!-- hide-methods passed suite-SalesforceAutomation -->
                      <a href="#" panel-name="suite-SalesforceAutomation" class="show-methods passed suite-SalesforceAutomation"> (show)</a> <!-- show-methods passed suite-SalesforceAutomation -->
                    </span>
                    <div class="method-list-content passed suite-SalesforceAutomation">
                      <span>
                        <img width="3%" src="passed.png"/>
                        <a href="#" class="method navigator-link" panel-name="suite-SalesforceAutomation" title="com.salesforce.tests.AccountTest" hash-for-method="CreateAccountreport">CreateAccountreport</a> <!-- method navigator-link -->
                      </span>
                      <br/>
                      <span>
                        <img width="3%" src="passed.png"/>
                        <a href="#" class="method navigator-link" panel-name="suite-SalesforceAutomation" title="com.salesforce.tests.AccountTest" hash-for-method="SelectEditview">SelectEditview</a> <!-- method navigator-link -->
                      </span>
                      <br/>
                    </div> <!-- method-list-content passed suite-SalesforceAutomation -->
                  </li>
                </ul>
              </div> <!-- suite-section-content -->
            </div> <!-- result-section -->
          </div> <!-- navigator-suite-content -->
        </div> <!-- rounded-window -->
      </div> <!-- suite -->
    </div> <!-- navigator-root -->
    <div class="wrapper">
      <div class="main-panel-root">
        <div panel-name="suite-SalesforceAutomation" class="panel SalesforceAutomation">
          <div class="suite-SalesforceAutomation-class-failed">
            <div class="main-panel-header rounded-window-top">
              <img src="failed.png"/>
              <span class="class-name">com.salesforce.tests.AccountTest</span>
            </div> <!-- main-panel-header rounded-window-top -->
            <div class="main-panel-content rounded-window-bottom">
              <div class="method">
                <div class="method-content">
                  <a name="MergeAccount">
                  </a> <!-- MergeAccount -->
                  <span class="method-name">MergeAccount</span>
                  <div class="stack-trace">org.openqa.selenium.NoSuchElementException: no such element: Unable to locate element: {&quot;method&quot;:&quot;xpath&quot;,&quot;selector&quot;:&quot;//input[@title=&apos;Select row 1&apos;]&quot;}
  (Session info: chrome=98.0.4758.102)
For documentation on this error, please visit: https://www.seleniumhq.org/exceptions/no_such_element.html
Build info: version: &apos;3.141.59&apos;, revision: &apos;e82be7d358&apos;, time: &apos;2018-11-14T08:17:03&apos;
System info: host: &apos;DESKTOP-D2KIIH1&apos;, ip: &apos;192.168.1.89&apos;, os.name: &apos;Windows 11&apos;, os.arch: &apos;amd64&apos;, os.version: &apos;10.0&apos;, java.version: &apos;1.8.0_321&apos;
Driver info: org.openqa.selenium.chrome.ChromeDriver
Capabilities {acceptInsecureCerts: false, browserName: chrome, browserVersion: 98.0.4758.102, chrome: {chromedriverVersion: 98.0.4758.102 (273bf7ac8c90..., userDataDir: C:\Users\pradeep\AppData\Lo...}, goog:chromeOptions: {debuggerAddress: localhost:55888}, javascriptEnabled: true, networkConnectionEnabled: false, pageLoadStrategy: normal, platform: WINDOWS, platformName: WINDOWS, proxy: Proxy(), setWindowRect: true, strictFileInteractability: false, timeouts: {implicit: 0, pageLoad: 300000, script: 30000}, unhandledPromptBehavior: dismiss and notify, webauthn:extension:credBlob: true, webauthn:extension:largeBlob: true, webauthn:virtualAuthenticators: true}
Session ID: 987b6e896ea554644cfd46e95bab7040
*** Element info: {Using=xpath, value=//input[@title=&apos;Select row 1&apos;]}
	at org.openqa.selenium.remote.http.W3CHttpResponseCodec.createException(W3CHttpResponseCodec.java:187)
	at org.openqa.selenium.remote.http.W3CHttpResponseCodec.decode(W3CHttpResponseCodec.java:122)
	at org.openqa.selenium.remote.http.W3CHttpResponseCodec.decode(W3CHttpResponseCodec.java:49)
	at org.openqa.selenium.remote.HttpCommandExecutor.execute(HttpCommandExecutor.java:158)
	at org.openqa.selenium.remote.service.DriverCommandExecutor.execute(DriverCommandExecutor.java:83)
	at org.openqa.selenium.remote.RemoteWebDriver.execute(RemoteWebDriver.java:552)
	at org.openqa.selenium.remote.RemoteWebDriver.findElement(RemoteWebDriver.java:323)
	at org.openqa.selenium.remote.RemoteWebDriver.findElementByXPath(RemoteWebDriver.java:428)
	at org.openqa.selenium.By$ByXPath.findElement(By.java:353)
	at org.openqa.selenium.remote.RemoteWebDriver.findElement(RemoteWebDriver.java:315)
	at org.openqa.selenium.support.pagefactory.DefaultElementLocator.findElement(DefaultElementLocator.java:69)
	at org.openqa.selenium.support.pagefactory.internal.LocatingElementHandler.invoke(LocatingElementHandler.java:38)
	at com.sun.proxy.$Proxy11.isDisplayed(Unknown Source)
	at com.salesforce.basepage.BasePage.Radiobutton(BasePage.java:332)
	at com.salesforce.pages.account.AccountPage.ClickRadiobutton2(AccountPage.java:229)
	at com.salesforce.tests.AccountTest.MergeAccount(AccountTest.java:102)
	at java.util.ArrayList.forEach(ArrayList.java:1259)
... Removed 31 stack frames
</div> <!-- stack-trace -->
                </div> <!-- method-content -->
              </div> <!-- method -->
              <div class="method">
                <div class="method-content">
                  <a name="SelectAccount">
                  </a> <!-- SelectAccount -->
                  <span class="method-name">SelectAccount</span>
                  <div class="stack-trace">org.openqa.selenium.NoSuchElementException: no such element: Unable to locate element: {&quot;method&quot;:&quot;xpath&quot;,&quot;selector&quot;:&quot;//select[@name=&apos;00N5f000006iJHc&apos;]&quot;}
  (Session info: chrome=98.0.4758.102)
For documentation on this error, please visit: https://www.seleniumhq.org/exceptions/no_such_element.html
Build info: version: &apos;3.141.59&apos;, revision: &apos;e82be7d358&apos;, time: &apos;2018-11-14T08:17:03&apos;
System info: host: &apos;DESKTOP-D2KIIH1&apos;, ip: &apos;192.168.1.89&apos;, os.name: &apos;Windows 11&apos;, os.arch: &apos;amd64&apos;, os.version: &apos;10.0&apos;, java.version: &apos;1.8.0_321&apos;
Driver info: org.openqa.selenium.chrome.ChromeDriver
Capabilities {acceptInsecureCerts: false, browserName: chrome, browserVersion: 98.0.4758.102, chrome: {chromedriverVersion: 98.0.4758.102 (273bf7ac8c90..., userDataDir: C:\Users\pradeep\AppData\Lo...}, goog:chromeOptions: {debuggerAddress: localhost:60912}, javascriptEnabled: true, networkConnectionEnabled: false, pageLoadStrategy: normal, platform: WINDOWS, platformName: WINDOWS, proxy: Proxy(), setWindowRect: true, strictFileInteractability: false, timeouts: {implicit: 0, pageLoad: 300000, script: 30000}, unhandledPromptBehavior: dismiss and notify, webauthn:extension:credBlob: true, webauthn:extension:largeBlob: true, webauthn:virtualAuthenticators: true}
Session ID: 12c8e743b3de5ad08d68af758e058ad5
*** Element info: {Using=xpath, value=//select[@name=&apos;00N5f000006iJHc&apos;]}
	at org.openqa.selenium.remote.http.W3CHttpResponseCodec.createException(W3CHttpResponseCodec.java:187)
	at org.openqa.selenium.remote.http.W3CHttpResponseCodec.decode(W3CHttpResponseCodec.java:122)
	at org.openqa.selenium.remote.http.W3CHttpResponseCodec.decode(W3CHttpResponseCodec.java:49)
	at org.openqa.selenium.remote.HttpCommandExecutor.execute(HttpCommandExecutor.java:158)
	at org.openqa.selenium.remote.service.DriverCommandExecutor.execute(DriverCommandExecutor.java:83)
	at org.openqa.selenium.remote.RemoteWebDriver.execute(RemoteWebDriver.java:552)
	at org.openqa.selenium.remote.RemoteWebDriver.findElement(RemoteWebDriver.java:323)
	at org.openqa.selenium.remote.RemoteWebDriver.findElementByXPath(RemoteWebDriver.java:428)
	at org.openqa.selenium.By$ByXPath.findElement(By.java:353)
	at org.openqa.selenium.remote.RemoteWebDriver.findElement(RemoteWebDriver.java:315)
	at org.openqa.selenium.support.pagefactory.DefaultElementLocator.findElement(DefaultElementLocator.java:69)
	at org.openqa.selenium.support.pagefactory.internal.LocatingElementHandler.invoke(LocatingElementHandler.java:38)
	at com.sun.proxy.$Proxy11.isDisplayed(Unknown Source)
	at com.salesforce.basepage.BasePage.selectByVisibleText(BasePage.java:319)
	at com.salesforce.pages.account.AccountPage.enterintoCustomerPriority(AccountPage.java:165)
	at com.salesforce.tests.AccountTest.SelectAccount(AccountTest.java:57)
	at java.util.ArrayList.forEach(ArrayList.java:1259)
... Removed 31 stack frames
</div> <!-- stack-trace -->
                </div> <!-- method-content -->
              </div> <!-- method -->
              <div class="method">
                <div class="method-content">
                  <a name="Selectnewview">
                  </a> <!-- Selectnewview -->
                  <span class="method-name">Selectnewview</span>
                  <div class="stack-trace">org.openqa.selenium.NoSuchElementException: no such element: Unable to locate element: {&quot;method&quot;:&quot;xpath&quot;,&quot;selector&quot;:&quot;//tbody/tr[1]/td[2]/div[2]/form[1]/div[1]/span[1]/span[2]/a[1]&quot;}
  (Session info: chrome=98.0.4758.102)
For documentation on this error, please visit: https://www.seleniumhq.org/exceptions/no_such_element.html
Build info: version: &apos;3.141.59&apos;, revision: &apos;e82be7d358&apos;, time: &apos;2018-11-14T08:17:03&apos;
System info: host: &apos;DESKTOP-D2KIIH1&apos;, ip: &apos;192.168.1.89&apos;, os.name: &apos;Windows 11&apos;, os.arch: &apos;amd64&apos;, os.version: &apos;10.0&apos;, java.version: &apos;1.8.0_321&apos;
Driver info: org.openqa.selenium.chrome.ChromeDriver
Capabilities {acceptInsecureCerts: false, browserName: chrome, browserVersion: 98.0.4758.102, chrome: {chromedriverVersion: 98.0.4758.102 (273bf7ac8c90..., userDataDir: C:\Users\pradeep\AppData\Lo...}, goog:chromeOptions: {debuggerAddress: localhost:61046}, javascriptEnabled: true, networkConnectionEnabled: false, pageLoadStrategy: normal, platform: WINDOWS, platformName: WINDOWS, proxy: Proxy(), setWindowRect: true, strictFileInteractability: false, timeouts: {implicit: 0, pageLoad: 300000, script: 30000}, unhandledPromptBehavior: dismiss and notify, webauthn:extension:credBlob: true, webauthn:extension:largeBlob: true, webauthn:virtualAuthenticators: true}
Session ID: e70cfb10bc815f14542e250fe81d4967
*** Element info: {Using=xpath, value=//tbody/tr[1]/td[2]/div[2]/form[1]/div[1]/span[1]/span[2]/a[1]}
	at org.openqa.selenium.remote.http.W3CHttpResponseCodec.createException(W3CHttpResponseCodec.java:187)
	at org.openqa.selenium.remote.http.W3CHttpResponseCodec.decode(W3CHttpResponseCodec.java:122)
	at org.openqa.selenium.remote.http.W3CHttpResponseCodec.decode(W3CHttpResponseCodec.java:49)
	at org.openqa.selenium.remote.HttpCommandExecutor.execute(HttpCommandExecutor.java:158)
	at org.openqa.selenium.remote.service.DriverCommandExecutor.execute(DriverCommandExecutor.java:83)
	at org.openqa.selenium.remote.RemoteWebDriver.execute(RemoteWebDriver.java:552)
	at org.openqa.selenium.remote.RemoteWebDriver.findElement(RemoteWebDriver.java:323)
	at org.openqa.selenium.remote.RemoteWebDriver.findElementByXPath(RemoteWebDriver.java:428)
	at org.openqa.selenium.By$ByXPath.findElement(By.java:353)
	at org.openqa.selenium.remote.RemoteWebDriver.findElement(RemoteWebDriver.java:315)
	at org.openqa.selenium.support.pagefactory.DefaultElementLocator.findElement(DefaultElementLocator.java:69)
	at org.openqa.selenium.support.pagefactory.internal.LocatingElementHandler.invoke(LocatingElementHandler.java:38)
	at com.sun.proxy.$Proxy11.isDisplayed(Unknown Source)
	at com.salesforce.basepage.BasePage.clickObj(BasePage.java:90)
	at com.salesforce.pages.account.AccountPage.ClickEdit(AccountPage.java:193)
	at com.salesforce.tests.AccountTest.Selectnewview(AccountTest.java:67)
	at java.util.ArrayList.forEach(ArrayList.java:1259)
... Removed 31 stack frames
</div> <!-- stack-trace -->
                </div> <!-- method-content -->
              </div> <!-- method -->
            </div> <!-- main-panel-content rounded-window-bottom -->
          </div> <!-- suite-SalesforceAutomation-class-failed -->
          <div class="suite-SalesforceAutomation-class-passed">
            <div class="main-panel-header rounded-window-top">
              <img src="passed.png"/>
              <span class="class-name">com.salesforce.tests.AccountTest</span>
            </div> <!-- main-panel-header rounded-window-top -->
            <div class="main-panel-content rounded-window-bottom">
              <div class="method">
                <div class="method-content">
                  <a name="CreateAccountreport">
                  </a> <!-- CreateAccountreport -->
                  <span class="method-name">CreateAccountreport</span>
                </div> <!-- method-content -->
              </div> <!-- method -->
              <div class="method">
                <div class="method-content">
                  <a name="SelectEditview">
                  </a> <!-- SelectEditview -->
                  <span class="method-name">SelectEditview</span>
                </div> <!-- method-content -->
              </div> <!-- method -->
            </div> <!-- main-panel-content rounded-window-bottom -->
          </div> <!-- suite-SalesforceAutomation-class-passed -->
        </div> <!-- panel SalesforceAutomation -->
        <div panel-name="test-xml-SalesforceAutomation" class="panel">
          <div class="main-panel-header rounded-window-top">
            <span class="header-content">C:\Users\pradeep\eclipse-workspace\SalesforceAutomation_POM\TestNG.xml</span>
          </div> <!-- main-panel-header rounded-window-top -->
          <div class="main-panel-content rounded-window-bottom">
            <pre>
&lt;?xml version=&quot;1.0&quot; encoding=&quot;UTF-8&quot;?&gt;
&lt;!DOCTYPE suite SYSTEM &quot;https://testng.org/testng-1.0.dtd&quot;&gt;
&lt;suite guice-stage=&quot;DEVELOPMENT&quot; name=&quot;SalesforceAutomation&quot;&gt;
  &lt;test thread-count=&quot;5&quot; name=&quot;RegressionTest&quot;&gt;
    &lt;parameter name=&quot;browser&quot; value=&quot;chrome&quot;/&gt;
    &lt;classes&gt;
      &lt;class name=&quot;com.salesforce.tests.AccountTest&quot;/&gt;
    &lt;/classes&gt;
  &lt;/test&gt; &lt;!-- RegressionTest --&gt;
&lt;/suite&gt; &lt;!-- SalesforceAutomation --&gt;
            </pre>
          </div> <!-- main-panel-content rounded-window-bottom -->
        </div> <!-- panel -->
        <div panel-name="testlist-SalesforceAutomation" class="panel">
          <div class="main-panel-header rounded-window-top">
            <span class="header-content">Tests for SalesforceAutomation</span>
          </div> <!-- main-panel-header rounded-window-top -->
          <div class="main-panel-content rounded-window-bottom">
            <ul>
              <li>
                <span class="test-name">RegressionTest (1 class)</span>
              </li>
            </ul>
          </div> <!-- main-panel-content rounded-window-bottom -->
        </div> <!-- panel -->
        <div panel-name="group-SalesforceAutomation" class="panel">
          <div class="main-panel-header rounded-window-top">
            <span class="header-content">Groups for SalesforceAutomation</span>
          </div> <!-- main-panel-header rounded-window-top -->
          <div class="main-panel-content rounded-window-bottom">
          </div> <!-- main-panel-content rounded-window-bottom -->
        </div> <!-- panel -->
        <div panel-name="times-SalesforceAutomation" class="panel">
          <div class="main-panel-header rounded-window-top">
            <span class="header-content">Times for SalesforceAutomation</span>
          </div> <!-- main-panel-header rounded-window-top -->
          <div class="main-panel-content rounded-window-bottom">
            <div class="times-div">
              <script type="text/javascript">
suiteTableInitFunctions.push('tableData_SalesforceAutomation');
function tableData_SalesforceAutomation() {
var data = new google.visualization.DataTable();
data.addColumn('number', 'Number');
data.addColumn('string', 'Method');
data.addColumn('string', 'Class');
data.addColumn('number', 'Time (ms)');
data.addRows(5);
data.setCell(0, 0, 0)
data.setCell(0, 1, 'SelectAccount')
data.setCell(0, 2, 'com.salesforce.tests.AccountTest')
data.setCell(0, 3, 37484);
data.setCell(1, 0, 1)
data.setCell(1, 1, 'SelectEditview')
data.setCell(1, 2, 'com.salesforce.tests.AccountTest')
data.setCell(1, 3, 31272);
data.setCell(2, 0, 2)
data.setCell(2, 1, 'CreateAccountreport')
data.setCell(2, 2, 'com.salesforce.tests.AccountTest')
data.setCell(2, 3, 30882);
data.setCell(3, 0, 3)
data.setCell(3, 1, 'Selectnewview')
data.setCell(3, 2, 'com.salesforce.tests.AccountTest')
data.setCell(3, 3, 30818);
data.setCell(4, 0, 4)
data.setCell(4, 1, 'MergeAccount')
data.setCell(4, 2, 'com.salesforce.tests.AccountTest')
data.setCell(4, 3, 30775);
window.suiteTableData['SalesforceAutomation']= { tableData: data, tableDiv: 'times-div-SalesforceAutomation'}
return data;
}
              </script>
              <span class="suite-total-time">Total running time: 2 minutes</span>
              <div id="times-div-SalesforceAutomation">
              </div> <!-- times-div-SalesforceAutomation -->
            </div> <!-- times-div -->
          </div> <!-- main-panel-content rounded-window-bottom -->
        </div> <!-- panel -->
        <div panel-name="reporter-SalesforceAutomation" class="panel">
          <div class="main-panel-header rounded-window-top">
            <span class="header-content">Reporter output for SalesforceAutomation</span>
          </div> <!-- main-panel-header rounded-window-top -->
          <div class="main-panel-content rounded-window-bottom">
          </div> <!-- main-panel-content rounded-window-bottom -->
        </div> <!-- panel -->
        <div panel-name="ignored-methods-SalesforceAutomation" class="panel">
          <div class="main-panel-header rounded-window-top">
            <span class="header-content">0 ignored methods</span>
          </div> <!-- main-panel-header rounded-window-top -->
          <div class="main-panel-content rounded-window-bottom">
          </div> <!-- main-panel-content rounded-window-bottom -->
        </div> <!-- panel -->
        <div panel-name="chronological-SalesforceAutomation" class="panel">
          <div class="main-panel-header rounded-window-top">
            <span class="header-content">Methods in chronological order</span>
          </div> <!-- main-panel-header rounded-window-top -->
          <div class="main-panel-content rounded-window-bottom">
            <div class="chronological-class">
              <div class="chronological-class-name">com.salesforce.tests.AccountTest</div> <!-- chronological-class-name -->
              <div class="configuration-test before">
                <span class="method-name">setUp</span>
                <span class="method-start">0 ms</span>
              </div> <!-- configuration-test before -->
              <div class="configuration-method before">
                <span class="method-name">beforeTest(public void com.salesforce.tests.AccountTest.CreateAccountreport() throws java.lang.Exception)</span>
                <span class="method-start">79 ms</span>
              </div> <!-- configuration-method before -->
              <div class="test-method">
                <span class="method-name">CreateAccountreport</span>
                <span class="method-start">23509 ms</span>
              </div> <!-- test-method -->
              <div class="configuration-method after">
                <span class="method-name">teardown([TestResult name=CreateAccountreport status=SUCCESS method=AccountTest.CreateAccountreport()[pri:0, ...)</span>
                <span class="method-start">54393 ms</span>
              </div> <!-- configuration-method after -->
              <div class="configuration-method before">
                <span class="method-name">beforeTest(public void com.salesforce.tests.AccountTest.MergeAccount() throws java.lang.Exception)</span>
                <span class="method-start">58563 ms</span>
              </div> <!-- configuration-method before -->
              <div class="test-method">
                <img src="failed.png">
                </img>
                <span class="method-name">MergeAccount</span>
                <span class="method-start">73619 ms</span>
              </div> <!-- test-method -->
              <div class="configuration-method after">
                <span class="method-name">teardown([TestResult name=MergeAccount status=FAILURE method=AccountTest.MergeAccount()[pri:0, instance:com.s...)</span>
                <span class="method-start">104400 ms</span>
              </div> <!-- configuration-method after -->
              <div class="configuration-method before">
                <span class="method-name">beforeTest(public void com.salesforce.tests.AccountTest.SelectAccount() throws java.lang.Exception)</span>
                <span class="method-start">108740 ms</span>
              </div> <!-- configuration-method before -->
              <div class="test-method">
                <img src="failed.png">
                </img>
                <span class="method-name">SelectAccount</span>
                <span class="method-start">125628 ms</span>
              </div> <!-- test-method -->
              <div class="configuration-method after">
                <span class="method-name">teardown([TestResult name=SelectAccount status=FAILURE method=AccountTest.SelectAccount()[pri:0, instance:com...)</span>
                <span class="method-start">163114 ms</span>
              </div> <!-- configuration-method after -->
              <div class="configuration-method before">
                <span class="method-name">beforeTest(public void com.salesforce.tests.AccountTest.SelectEditview() throws java.lang.Exception)</span>
                <span class="method-start">167404 ms</span>
              </div> <!-- configuration-method before -->
              <div class="test-method">
                <span class="method-name">SelectEditview</span>
                <span class="method-start">186052 ms</span>
              </div> <!-- test-method -->
              <div class="configuration-method after">
                <span class="method-name">teardown([TestResult name=SelectEditview status=SUCCESS method=AccountTest.SelectEditview()[pri:0, instance:c...)</span>
                <span class="method-start">217324 ms</span>
              </div> <!-- configuration-method after -->
              <div class="configuration-method before">
                <span class="method-name">beforeTest(public void com.salesforce.tests.AccountTest.Selectnewview() throws java.lang.Exception)</span>
                <span class="method-start">217438 ms</span>
              </div> <!-- configuration-method before -->
              <div class="test-method">
                <img src="failed.png">
                </img>
                <span class="method-name">Selectnewview</span>
                <span class="method-start">232317 ms</span>
              </div> <!-- test-method -->
              <div class="configuration-method after">
                <span class="method-name">teardown([TestResult name=Selectnewview status=FAILURE method=AccountTest.Selectnewview()[pri:0, instance:com...)</span>
                <span class="method-start">263138 ms</span>
              </div> <!-- configuration-method after -->
              <div class="configuration-class after">
                <span class="method-name">endUp</span>
                <span class="method-start">267544 ms</span>
              </div> <!-- configuration-class after -->
          </div> <!-- main-panel-content rounded-window-bottom -->
        </div> <!-- panel -->
      </div> <!-- main-panel-root -->
    </div> <!-- wrapper -->
  </body>
<script type="text/javascript" src="testng-reports2.js"></script>
</html>
